Line 82: Class MediaPlayerCtl.MediaPlayer of control MP3Player was not a loaded control class.
Line 89: The property name AudioStream in MP3Player is invalid.
Line 91: The property name AutoStart in MP3Player is invalid.
Line 92: The property name AnimationAtStart in MP3Player is invalid.
Line 93: The property name AllowScan in MP3Player is invalid.
Line 94: The property name AllowChangeDisplaySize in MP3Player is invalid.
Line 95: The property name AutoRewind in MP3Player is invalid.
Line 96: The property name Balance in MP3Player is invalid.
Line 97: The property name BaseURL in MP3Player is invalid.
Line 98: The property name BufferingTime in MP3Player is invalid.
Line 99: The property name CaptioningID in MP3Player is invalid.
Line 100: The property name ClickToPlay in MP3Player is invalid.
Line 101: The property name CursorType in MP3Player is invalid.
Line 102: The property name CurrentPosition in MP3Player is invalid.
Line 103: The property name CurrentMarker in MP3Player is invalid.
Line 104: The property name DefaultFrame in MP3Player is invalid.
Line 105: The property name DisplayBackColor in MP3Player is invalid.
Line 106: The property name DisplayForeColor in MP3Player is invalid.
Line 107: The property name DisplayMode in MP3Player is invalid.
Line 108: The property name DisplaySize in MP3Player is invalid.
Line 110: The property name EnableContextMenu in MP3Player is invalid.
Line 111: The property name EnablePositionControls in MP3Player is invalid.
Line 112: The property name EnableFullScreenControls in MP3Player is invalid.
Line 113: The property name EnableTracker in MP3Player is invalid.
Line 114: The property name Filename in MP3Player is invalid.
Line 115: The property name InvokeURLs in MP3Player is invalid.
Line 116: The property name Language in MP3Player is invalid.
Line 117: The property name Mute in MP3Player is invalid.
Line 118: The property name PlayCount in MP3Player is invalid.
Line 119: The property name PreviewMode in MP3Player is invalid.
Line 120: The property name Rate in MP3Player is invalid.
Line 121: The property name SAMILang in MP3Player is invalid.
Line 122: The property name SAMIStyle in MP3Player is invalid.
Line 123: The property name SAMIFileName in MP3Player is invalid.
Line 124: The property name SelectionStart in MP3Player is invalid.
Line 125: The property name SelectionEnd in MP3Player is invalid.
Line 126: The property name SendOpenStateChangeEvents in MP3Player is invalid.
Line 127: The property name SendWarningEvents in MP3Player is invalid.
Line 128: The property name SendErrorEvents in MP3Player is invalid.
Line 129: The property name SendKeyboardEvents in MP3Player is invalid.
Line 130: The property name SendMouseClickEvents in MP3Player is invalid.
Line 131: The property name SendMouseMoveEvents in MP3Player is invalid.
Line 132: The property name SendPlayStateChangeEvents in MP3Player is invalid.
Line 133: The property name ShowCaptioning in MP3Player is invalid.
Line 134: The property name ShowControls in MP3Player is invalid.
Line 135: The property name ShowAudioControls in MP3Player is invalid.
Line 136: The property name ShowDisplay in MP3Player is invalid.
Line 137: The property name ShowGotoBar in MP3Player is invalid.
Line 138: The property name ShowPositionControls in MP3Player is invalid.
Line 139: The property name ShowStatusBar in MP3Player is invalid.
Line 140: The property name ShowTracker in MP3Player is invalid.
Line 141: The property name TransparentAtStart in MP3Player is invalid.
Line 142: The property name VideoBorderWidth in MP3Player is invalid.
Line 143: The property name VideoBorderColor in MP3Player is invalid.
Line 144: The property name VideoBorder3D in MP3Player is invalid.
Line 145: The property name Volume in MP3Player is invalid.
Line 146: The property name WindowlessVideo in MP3Player is invalid.
