
****Emperor teleported Emperor at12:05:51 10.02.00
****Emperor teleported Emperor at15:06:41 12.02.00
****Emperor teleported Emperor at15:06:57 12.02.00
****Emperorcreated object 281 at16:39:55 14.02.00
****Emperorcreated object 284 at16:40:21 14.02.00
****Emperor teleported Emperor at17:29:22 14.02.00
****Emperorcreated object 67 at17:38:01 14.02.00
****Emperorcreated object 291 at17:38:21 14.02.00
****Emperorchanged Emperor statestics at 17:40:08; 14.02.00
****Emperorcreated object 7 at17:42:06 14.02.00
****Emperor teleported Emperor at18:07:41 14.02.00
****Emperor teleported Emperor at08:59:36 03.04.00
****Emperor teleported Emperor at09:16:32 03.04.00
****Emperor teleported Emperor at14:13:42 08.04.00
**** teleported  at17:59:26 13.04.00
****Emperor teleported Emperor at18:28:37 13.04.00
****Emperorchanged Emperor statestics at 18:31:51; 13.04.00
****Emperorchanged Emperor statestics at 18:49:37; 13.04.00
****Emperorchanged Emperor statestics at 18:49:58; 13.04.00
****Emperorchanged Emperor statestics at 18:50:21; 13.04.00
****Emperorchanged Emperor statestics at 15:16:49; 29.06.00
****Emperorchanged Emperor statestics at 17:01:27; 29.06.00
****Emperorchanged Emperor statestics at 17:17:36; 29.06.00
****Emperorchanged Emperor statestics at 17:30:31; 29.06.00
****Emperorcreated object 38 at18:06:51 29.06.00
****Emperorcreated object 180 at18:10:11 29.06.00
****EmperorApproached Fjeld at01:28:14 11.08.2002
****EmperorApproached Fjeld at01:32:45 11.08.2002
****Emperorsummoned Fjeld at01:36:05 11.08.2002
****EmperorApproached Fjeld at01:40:10 11.08.2002
****Emperor teleported Emperor at01:41:42 11.08.2002
****Emperorsummoned Fjeld at01:41:49 11.08.2002
